<?xml version="1.0" encoding="UTF-8"?>
<!-- Generated by org.testng.reporters.JUnitReportReporter -->
<testsuite skipped="0" hostname="DESKTOP-TP7DQJ7" name="com.testcases.OrangeHrmLoginTestCase" tests="1" failures="0" timestamp="17 Sep 2020 06:56:59 GMT" time="0.728" errors="0">
  <testcase name="login" time="0.728" classname="com.testcases.OrangeHrmLoginTestCase"/>
</testsuite> <!-- com.testcases.OrangeHrmLoginTestCase -->
