<?xml version="1.0" encoding="UTF-8"?>
<!-- Generated by org.testng.reporters.JUnitReportReporter -->
<testsuite skipped="0" hostname="LAPTOP-UAPI8PLG" name="com.testcases.FlipkartLoginTestCase" tests="1" failures="0" timestamp="16 Sep 2020 07:33:19 GMT" time="0.864" errors="0">
  <testcase name="login" time="0.864" classname="com.testcases.FlipkartLoginTestCase"/>
</testsuite> <!-- com.testcases.FlipkartLoginTestCase -->
